2025-09-10 04:12:26 - ContentId=809490, Title='강서습지생태공원', Address='서울특별시 강서구 양천로27길 279-23'
2025-09-10 04:12:26 - ContentId=126533, Title='청와대 앞길', Address='서울특별시 종로구 궁정동'
2025-09-10 04:12:26 - ContentId=3006899, Title='벽운계곡', Address='서울특별시 노원구 동일로250길 44-142 (상계동)'
2025-09-10 04:13:14 - ContentId=2946527, Title='리얼 이스케이프 챌린지', Address='서울특별시 마포구 서교동 339-5'
2025-09-10 04:13:16 - ContentId=2946228, Title='익선동 한옥거리', Address=''
2025-09-10 04:13:45 - ContentId=2761745, Title='송파구자원순환공원', Address='서울특별시 송파구 헌릉로 793 (장지동)'
2025-09-10 04:14:04 - ContentId=2741610, Title='천호자전거거리', Address='서울특별시 강동구 천호동'
2025-09-10 04:14:20 - ContentId=2612107, Title='양천구 로데오거리', Address='서울특별시 양천구 목동로25길 23 (신정동)'
2025-09-10 04:14:28 - ContentId=2605926, Title='평창동 미술관 거리', Address='서울특별시 종로구 평창32길 8 (평창동)'
2025-09-10 04:14:30 - ContentId=2561208, Title='어린이 감각놀이터 디키디키', Address='서울특별시 중구 을지로 281'
2025-09-10 04:14:38 - ContentId=2591826, Title='음식문화특화거리(깔깔거리)', Address='서울특별시 구로구 디지털로32길 97-21'
2025-09-10 04:14:51 - ContentId=2373370, Title='정동교회 이필주 사택 터', Address='서울특별시 중구 정동길 46'
2025-09-10 04:14:51 - ContentId=2373364, Title='이충순 자결 터', Address='서울특별시 중구 서소문로 88 (순화동)'
2025-09-10 04:14:58 - ContentId=1987566, Title='서해금빛열차', Address='서울특별시 용산구 한강대로23길 55 (한강로3가)'
2025-09-10 04:14:58 - ContentId=1957671, Title='종로 청계 관광특구', Address='서울특별시 종로구 무교로 37 (서린동)'
2025-09-10 04:15:47 - ContentId=827585, Title='양재천 생태공원', Address='서울특별시 서초구 바우뫼로12길'
2025-09-10 04:15:47 - ContentId=827494, Title='청계8경 버들습지', Address='서울특별시 성동구 용답동'
2025-09-10 04:15:52 - ContentId=754003, Title='신선경과 류인호 묘역', Address='서울특별시 송파구 동남로 263'
2025-09-10 04:15:55 - ContentId=750863, Title='도안사', Address='서울특별시 노원구 덕릉로145길 99'
2025-09-10 04:16:21 - ContentId=250362, Title='서울 구 러시아공사관', Address='서울특별시 중구 정동길 21-18'
2025-09-10 04:16:31 - ContentId=250147, Title='삼청동거리', Address='서울특별시 종로구 삼청로 156 (삼청동)'
2025-09-10 04:16:45 - ContentId=126524, Title='국립4·19민주묘지', Address='서울특별시 강북구 4.19로8길 17'
2025-09-10 04:17:25 - ContentId=2992891, Title='사직단', Address='서울특별시 종로구 사직로 89'
2025-09-10 04:18:15 - ContentId=250166, Title='방화대교', Address='서울특별시 강서구 방화동로 61 (방화동)'
2025-09-10 04:18:32 - ContentId=3520668, Title='방화동 교동짬뽕', Address='서울특별시 강서구 금낭화로24나길 21 (방화동\, 이루미팰리스)'
2025-09-10 04:18:32 - ContentId=3303211, Title='다올 숯불구이', Address='서울특별시 중구 명동8길 8-11 (명동2가)'
2025-09-10 04:18:32 - ContentId=2946648, Title='카페쁠레노', Address='서울특별시 강남구 청담동 40 AP타워'
2025-09-10 04:18:33 - ContentId=2946095, Title='튜토리얼', Address='서울특별시 마포구 상수동 310-12'
2025-09-10 04:18:33 - ContentId=2903490, Title='함흥면옥 압구정점', Address='서울특별시 강남구 논현로 826 제이와이(JY빌딩)'
2025-09-10 04:18:33 - ContentId=2903435, Title='파불라', Address='서울특별시 강남구 도산대로81길 51 루미안빌'
2025-09-10 04:18:34 - ContentId=2900328, Title='강수사', Address='서울특별시 서대문구 연희로 157 여흥빌딩'
2025-09-10 04:18:34 - ContentId=2900146, Title='문츠 바베큐', Address='서울특별시 성동구 연무장5길 6 천일정공사'
2025-09-10 04:18:34 - ContentId=2871545, Title='남서울민물장어', Address='서울특별시 강남구 봉은사로 137 상원빌딩'
2025-09-10 04:18:35 - ContentId=2856757, Title='타쿠미곤', Address='서울특별시 서초구 사평대로18길 10 부림빌딩'
2025-09-10 04:18:35 - ContentId=2856149, Title='일품헌 양재점', Address='서울특별시 서초구 남부순환로 2634-27 성원빌딩'
2025-09-10 04:18:36 - ContentId=2856068, Title='스시타노', Address='서울특별시 서초구 서래로5길 30'
2025-09-10 04:18:36 - ContentId=2856008, Title='송강', Address='서울특별시 서초구 명달로9길 5 정호빌딩'
2025-09-10 04:18:36 - ContentId=2855797, Title='무한쌈밥집', Address='서울특별시 서초구 강남대로93길 23-10 동훈빌딩'
2025-09-10 04:18:46 - ContentId=2852021, Title='부첼리하우스', Address='서울특별시 용산구 독서당로 122-1 포트힐(Fort Hill) 빌딩'
2025-09-10 04:18:47 - ContentId=2851986, Title='단박왕돈까스', Address='서울특별시 용산구 백범로90길 74 이안용산'
2025-09-10 04:19:25 - ContentId=2848188, Title='필녀의 한정식', Address='서울특별시 송파구 동남로 308 KOBA빌딩'
2025-09-10 04:20:22 - ContentId=2842572, Title='테르미니 서울여대점', Address='서울특별시 노원구 화랑로53길 12'
2025-09-10 04:20:22 - ContentId=2842540, Title='춘보만두', Address='서울특별시 노원구 섬밭로 56 송정빌딩'
2025-09-10 04:23:00 - ContentId=2685414, Title='류니끄', Address='서울특별시 강남구 강남대로162길 40'
2025-09-10 04:24:10 - ContentId=2682631, Title='바다회장어구이', Address='서울특별시 영등포구 당산로 34'
2025-09-10 04:24:27 - ContentId=2678877, Title='고티(Goatee)', Address='서울특별시 광진구 아차산로 242'
2025-09-10 04:25:18 - ContentId=2653654, Title='초록바구니', Address='서울특별시 용산구 이촌로84길 9-18'
2025-09-10 04:25:28 - ContentId=2653383, Title='이태리문 대학로', Address='서울특별시 종로구 대학로12길 21\, 2층'
2025-09-10 04:25:48 - ContentId=2653043, Title='대포찜닭 대학로', Address='서울특별시 종로구 대학로9길 18\, 1층'
2025-09-10 04:26:34 - ContentId=2630324, Title='[백년가게]대호정', Address='서울특별시 금천구 시흥대로52길 51'
2025-09-10 04:27:52 - ContentId=678899, Title='도일처', Address='서울특별시 강서구 개화동로 567'
2025-09-10 04:27:52 - ContentId=678522, Title='남원황토추어탕', Address='서울특별시 강동구 성안로 7-12'
2025-09-10 04:28:55 - ContentId=2940427, Title='청록양식', Address='서울특별시 마포구 동교로 220-7'
2025-09-10 04:32:08 - ContentId=2623187, Title='썬더버드 청담점', Address='서울특별시 강남구 압구정로60길 18 SG DINEHILL빌딩'
2025-09-10 04:32:24 - ContentId=2360783, Title='대장금', Address='서울특별시 송파구 올림픽로 300 (신천동)'
2025-09-10 04:32:38 - ContentId=1882945, Title='금강수림', Address='서울특별시 강남구 강남대로 240'
2025-09-10 04:32:40 - ContentId=1840479, Title='산삼청각', Address='서울특별시 송파구 송이로 151 (가락동)'
2025-09-10 04:34:22 - ContentId=1882248, Title='인우하우스[한국관광 품질인증/Korea Quality]', Address='서울특별시 종로구 계동6길 9'
2025-09-10 04:34:36 - ContentId=2950326, Title='스페이스 모다[한국관광 품질인증/Korea Quality]', Address='서울특별시 성북구 삼선교로6길 19-17'
2025-09-10 04:35:58 - ContentId=2569224, Title='아이올라 2(아이올라 홍대 AIOLA Hongdae 爱游乐 弘大)', Address='서울특별시 마포구 동교로45길 3-6'
2025-09-10 04:36:05 - ContentId=2489973, Title='57명동호스텔[한국관광 품질인증/Korea Quality]', Address='서울특별시 중구 명동2길 57'
2025-09-10 04:36:20 - ContentId=2571971, Title='한스하우스(Hans house)', Address='서울특별시 종로구 자하문로1다길 20'
2025-09-10 04:37:49 - ContentId=2619965, Title='Goldlady's House', Address='서울특별시 송파구 올림픽로 99'
2025-09-10 04:37:50 - ContentId=2618531, Title='Joy house', Address='서울특별시 마포구 양화로23길 30-1'
2025-09-10 04:38:02 - ContentId=2608494, Title='마이러블리티(NANAHOUSE(나나하우스))', Address='서울특별시 강서구 공항대로5길 34'
2025-09-10 04:38:43 - ContentId=2714284, Title='용산도시기억전시관', Address='서울특별시 용산구 서빙고로 17 (한강로3가)'
2025-09-10 04:38:44 - ContentId=3407517, Title='화이트스톤갤러리', Address='서울특별시 용산구 소월로 70 (후암동)'
2025-09-10 04:38:44 - ContentId=3080901, Title='영산양재홀', Address='서울특별시 서초구 바우뫼로37길 45 (양재동)'
2025-09-10 04:38:44 - ContentId=129900, Title='나화랑', Address='서울특별시 은평구 연서로29길 34-14 (갈현동)'
